[ 2020-03-08T17:03:15+08:00 ] ::1 /newLife/index.php/Home/Index/index
INFO: [ app_init ] --START--
INFO: Run Behavior\BuildLiteBehavior [ RunTime:0.000024s ]
INFO: [ app_init ] --END-- [ RunTime:0.001827s ]
INFO: [ app_begin ] --START--
INFO: Run Behavior\ReadHtmlCacheBehavior [ RunTime:0.002346s ]
INFO: [ app_begin ] --END-- [ RunTime:0.002468s ]
SQL: SHOW COLUMNS FROM `tb_forum` [ RunTime:0.0141s ]
SQL: SHOW COLUMNS FROM `tb_note` [ RunTime:0.0099s ]
SQL: SELECT * FROM `tb_forum`  [ RunTime:0.0004s ]
SQL: SELECT SUM(pageview) AS tp_sum FROM `tb_note` LIMIT 1   [ RunTime:0.0005s ]
SQL: SELECT COUNT(*) AS tp_count FROM `tb_note` LIMIT 1   [ RunTime:0.0004s ]
SQL: SELECT * FROM `tb_note` WHERE ( hot=1 ) LIMIT 0,5   [ RunTime:0.0004s ]
SQL: SELECT * FROM `tb_note` ORDER BY date desc LIMIT 0,5   [ RunTime:0.0005s ]
SQL: SELECT * FROM `tb_note` ORDER BY replysum desc LIMIT 0,5   [ RunTime:0.0004s ]
SQL: SELECT * FROM `tb_note` ORDER BY pageview desc LIMIT 0,5   [ RunTime:0.0004s ]
SQL: SELECT * FROM `tb_note` WHERE ( origin=1 ) LIMIT 0,5   [ RunTime:0.0004s ]
INFO: [ view_parse ] --START--
INFO: [ template_filter ] --START--
INFO: Run Behavior\ContentReplaceBehavior [ RunTime:0.001344s ]
INFO: [ template_filter ] --END-- [ RunTime:0.001504s ]
NOTIC: [8] Undefined index: username C:\wamp\www\newLife\Application\Runtime\Cache\Home\63c81f5b5f7b215605816ff2bde5d1bc.php 第 98 行.
NOTIC: [8] Undefined index: username C:\wamp\www\newLife\Application\Runtime\Cache\Home\63c81f5b5f7b215605816ff2bde5d1bc.php 第 106 行.
NOTIC: [8] Undefined index: username C:\wamp\www\newLife\Application\Runtime\Cache\Home\63c81f5b5f7b215605816ff2bde5d1bc.php 第 111 行.
INFO: Run Behavior\ParseTemplateBehavior [ RunTime:0.033327s ]
INFO: [ view_parse ] --END-- [ RunTime:0.033553s ]
INFO: [ view_filter ] --START--
INFO: Run Behavior\WriteHtmlCacheBehavior [ RunTime:0.002836s ]
INFO: [ view_filter ] --END-- [ RunTime:0.002970s ]
INFO: [ app_end ] --START--
INFO: Run Behavior\ShowPageTraceBehavior [ RunTime:0.011549s ]
INFO: [ app_end ] --END-- [ RunTime:0.011730s ]

