[ 2020-01-04T09:36:08+08:00 ] ::1 /newLife/index.php/Admin/Index/index
INFO: [ app_init ] --START--
INFO: Run Behavior\BuildLiteBehavior [ RunTime:0.000039s ]
INFO: [ app_init ] --END-- [ RunTime:0.001043s ]
INFO: [ app_begin ] --START--
INFO: Run Behavior\ReadHtmlCacheBehavior [ RunTime:0.002084s ]
INFO: [ app_begin ] --END-- [ RunTime:0.002281s ]
SQL: SHOW COLUMNS FROM `tb_user` [ RunTime:0.0083s ]
SQL: SELECT * FROM `tb_user`  [ RunTime:0.0004s ]
INFO: [ view_parse ] --START--
INFO: [ template_filter ] --START--
INFO: Run Behavior\ContentReplaceBehavior [ RunTime:0.000149s ]
INFO: [ template_filter ] --END-- [ RunTime:0.000336s ]
INFO: Run Behavior\ParseTemplateBehavior [ RunTime:0.023343s ]
INFO: [ view_parse ] --END-- [ RunTime:0.023541s ]
INFO: [ view_filter ] --START--
INFO: Run Behavior\WriteHtmlCacheBehavior [ RunTime:0.001565s ]
INFO: [ view_filter ] --END-- [ RunTime:0.001732s ]
INFO: [ app_end ] --START--
INFO: Run Behavior\ShowPageTraceBehavior [ RunTime:0.001925s ]
INFO: [ app_end ] --END-- [ RunTime:0.002183s ]

[ 2020-01-04T09:36:27+08:00 ] ::1 /newLife/index.php/Admin/Index/noteshow
INFO: [ app_init ] --START--
INFO: Run Behavior\BuildLiteBehavior [ RunTime:0.000026s ]
INFO: [ app_init ] --END-- [ RunTime:0.000661s ]
INFO: [ app_begin ] --START--
INFO: Run Behavior\ReadHtmlCacheBehavior [ RunTime:0.001702s ]
INFO: [ app_begin ] --END-- [ RunTime:0.001901s ]
SQL: SHOW COLUMNS FROM `tb_note` [ RunTime:0.0080s ]
SQL: SHOW COLUMNS FROM `tb_forum` [ RunTime:0.0094s ]
SQL: SELECT * FROM `tb_note`  [ RunTime:0.0004s ]
NOTIC: [8] Undefined index: forumid C:\wamp\www\newLife\Application\Admin\Controller\IndexController.class.php 第 22 行.
SQL: SELECT * FROM `tb_forum` WHERE `ID` = null  [ RunTime:0.0003s ]
INFO: [ view_parse ] --START--
INFO: [ template_filter ] --START--
INFO: Run Behavior\ContentReplaceBehavior [ RunTime:0.000113s ]
INFO: [ template_filter ] --END-- [ RunTime:0.000254s ]
INFO: Run Behavior\ParseTemplateBehavior [ RunTime:0.022605s ]
INFO: [ view_parse ] --END-- [ RunTime:0.022746s ]
INFO: [ view_filter ] --START--
INFO: Run Behavior\WriteHtmlCacheBehavior [ RunTime:0.001207s ]
INFO: [ view_filter ] --END-- [ RunTime:0.001360s ]
INFO: [ app_end ] --START--
INFO: Run Behavior\ShowPageTraceBehavior [ RunTime:0.002002s ]
INFO: [ app_end ] --END-- [ RunTime:0.002243s ]

[ 2020-01-04T09:36:29+08:00 ] ::1 /newLife/index.php/Admin/Index/index
INFO: [ app_init ] --START--
INFO: Run Behavior\BuildLiteBehavior [ RunTime:0.000025s ]
INFO: [ app_init ] --END-- [ RunTime:0.000598s ]
INFO: [ app_begin ] --START--
INFO: Run Behavior\ReadHtmlCacheBehavior [ RunTime:0.000989s ]
INFO: [ app_begin ] --END-- [ RunTime:0.001123s ]
SQL: SHOW COLUMNS FROM `tb_user` [ RunTime:0.0076s ]
SQL: SELECT * FROM `tb_user`  [ RunTime:0.0004s ]
INFO: [ view_parse ] --START--
INFO: [ template_filter ] --START--
INFO: Run Behavior\ContentReplaceBehavior [ RunTime:0.000094s ]
INFO: [ template_filter ] --END-- [ RunTime:0.000197s ]
INFO: Run Behavior\ParseTemplateBehavior [ RunTime:0.017197s ]
INFO: [ view_parse ] --END-- [ RunTime:0.017322s ]
INFO: [ view_filter ] --START--
INFO: Run Behavior\WriteHtmlCacheBehavior [ RunTime:0.000652s ]
INFO: [ view_filter ] --END-- [ RunTime:0.000741s ]
INFO: [ app_end ] --START--
INFO: Run Behavior\ShowPageTraceBehavior [ RunTime:0.000816s ]
INFO: [ app_end ] --END-- [ RunTime:0.000908s ]

[ 2020-01-04T09:36:31+08:00 ] ::1 /newLife/index.php/Admin/Index/addnoteshow
INFO: [ app_init ] --START--
INFO: Run Behavior\BuildLiteBehavior [ RunTime:0.000027s ]
INFO: [ app_init ] --END-- [ RunTime:0.000633s ]
INFO: [ app_begin ] --START--
INFO: Run Behavior\ReadHtmlCacheBehavior [ RunTime:0.001319s ]
INFO: [ app_begin ] --END-- [ RunTime:0.001457s ]
SQL: SHOW COLUMNS FROM `tb_forum` [ RunTime:0.0078s ]
SQL: SELECT * FROM `tb_forum`  [ RunTime:0.0003s ]
INFO: [ view_parse ] --START--
INFO: [ template_filter ] --START--
INFO: Run Behavior\ContentReplaceBehavior [ RunTime:0.000276s ]
INFO: [ template_filter ] --END-- [ RunTime:0.000611s ]
INFO: Run Behavior\ParseTemplateBehavior [ RunTime:0.032521s ]
INFO: [ view_parse ] --END-- [ RunTime:0.032790s ]
INFO: [ view_filter ] --START--
INFO: Run Behavior\WriteHtmlCacheBehavior [ RunTime:0.002267s ]
INFO: [ view_filter ] --END-- [ RunTime:0.002573s ]
INFO: [ app_end ] --START--
INFO: Run Behavior\ShowPageTraceBehavior [ RunTime:0.003675s ]
INFO: [ app_end ] --END-- [ RunTime:0.004001s ]

[ 2020-01-04T09:36:33+08:00 ] ::1 /newLife/index.php/Admin/Index/commentshow
INFO: [ app_init ] --START--
INFO: Run Behavior\BuildLiteBehavior [ RunTime:0.000026s ]
INFO: [ app_init ] --END-- [ RunTime:0.000636s ]
INFO: [ app_begin ] --START--
INFO: Run Behavior\ReadHtmlCacheBehavior [ RunTime:0.001005s ]
INFO: [ app_begin ] --END-- [ RunTime:0.001180s ]
SQL: SHOW COLUMNS FROM `tb_comment` [ RunTime:0.0076s ]
SQL: SHOW COLUMNS FROM `tb_note` [ RunTime:0.0073s ]
SQL: SELECT * FROM `tb_comment`  [ RunTime:0.0004s ]
NOTIC: [8] Undefined index: noteID C:\wamp\www\newLife\Application\Admin\Controller\IndexController.class.php 第 72 行.
NOTIC: [8] Undefined variable: noteID C:\wamp\www\newLife\Application\Admin\Controller\IndexController.class.php 第 73 行.
SQL: SELECT * FROM `tb_note` WHERE ( ID='' )  [ RunTime:0.0003s ]
INFO: [ view_parse ] --START--
INFO: [ template_filter ] --START--
INFO: Run Behavior\ContentReplaceBehavior [ RunTime:0.000155s ]
INFO: [ template_filter ] --END-- [ RunTime:0.000359s ]
INFO: Run Behavior\ParseTemplateBehavior [ RunTime:0.016924s ]
INFO: [ view_parse ] --END-- [ RunTime:0.017087s ]
INFO: [ view_filter ] --START--
INFO: Run Behavior\WriteHtmlCacheBehavior [ RunTime:0.000894s ]
INFO: [ view_filter ] --END-- [ RunTime:0.001007s ]
INFO: [ app_end ] --START--
INFO: Run Behavior\ShowPageTraceBehavior [ RunTime:0.001509s ]
INFO: [ app_end ] --END-- [ RunTime:0.001863s ]

[ 2020-01-04T09:36:36+08:00 ] ::1 /newLife/index.php/Admin/Index/index
INFO: [ app_init ] --START--
INFO: Run Behavior\BuildLiteBehavior [ RunTime:0.000026s ]
INFO: [ app_init ] --END-- [ RunTime:0.000607s ]
INFO: [ app_begin ] --START--
INFO: Run Behavior\ReadHtmlCacheBehavior [ RunTime:0.000981s ]
INFO: [ app_begin ] --END-- [ RunTime:0.001110s ]
SQL: SHOW COLUMNS FROM `tb_user` [ RunTime:0.0078s ]
SQL: SELECT * FROM `tb_user`  [ RunTime:0.0004s ]
INFO: [ view_parse ] --START--
INFO: [ template_filter ] --START--
INFO: Run Behavior\ContentReplaceBehavior [ RunTime:0.000167s ]
INFO: [ template_filter ] --END-- [ RunTime:0.000378s ]
INFO: Run Behavior\ParseTemplateBehavior [ RunTime:0.015815s ]
INFO: [ view_parse ] --END-- [ RunTime:0.015957s ]
INFO: [ view_filter ] --START--
INFO: Run Behavior\WriteHtmlCacheBehavior [ RunTime:0.000809s ]
INFO: [ view_filter ] --END-- [ RunTime:0.000919s ]
INFO: [ app_end ] --START--
INFO: Run Behavior\ShowPageTraceBehavior [ RunTime:0.001011s ]
INFO: [ app_end ] --END-- [ RunTime:0.001123s ]

[ 2020-01-04T10:10:12+08:00 ] ::1 /newLife/index.php/Admin/Index/index
INFO: [ app_init ] --START--
INFO: Run Behavior\BuildLiteBehavior [ RunTime:0.000029s ]
INFO: [ app_init ] --END-- [ RunTime:0.000624s ]
INFO: [ app_begin ] --START--
INFO: Run Behavior\ReadHtmlCacheBehavior [ RunTime:0.001037s ]
INFO: [ app_begin ] --END-- [ RunTime:0.001176s ]
SQL: SHOW COLUMNS FROM `tb_user` [ RunTime:0.0077s ]
SQL: SELECT * FROM `tb_user`  [ RunTime:0.0004s ]
INFO: [ view_parse ] --START--
INFO: [ template_filter ] --START--
INFO: Run Behavior\ContentReplaceBehavior [ RunTime:0.000196s ]
INFO: [ template_filter ] --END-- [ RunTime:0.000448s ]
INFO: Run Behavior\ParseTemplateBehavior [ RunTime:0.017103s ]
INFO: [ view_parse ] --END-- [ RunTime:0.017303s ]
INFO: [ view_filter ] --START--
INFO: Run Behavior\WriteHtmlCacheBehavior [ RunTime:0.000868s ]
INFO: [ view_filter ] --END-- [ RunTime:0.001002s ]
INFO: [ app_end ] --START--
INFO: Run Behavior\ShowPageTraceBehavior [ RunTime:0.001675s ]
INFO: [ app_end ] --END-- [ RunTime:0.001864s ]

[ 2020-01-04T10:10:13+08:00 ] ::1 /newLife/index.php/Admin/Index/noteshow
INFO: [ app_init ] --START--
INFO: Run Behavior\BuildLiteBehavior [ RunTime:0.000027s ]
INFO: [ app_init ] --END-- [ RunTime:0.000606s ]
INFO: [ app_begin ] --START--
INFO: Run Behavior\ReadHtmlCacheBehavior [ RunTime:0.001012s ]
INFO: [ app_begin ] --END-- [ RunTime:0.001148s ]
SQL: SHOW COLUMNS FROM `tb_note` [ RunTime:0.0076s ]
SQL: SHOW COLUMNS FROM `tb_forum` [ RunTime:0.0076s ]
SQL: SELECT * FROM `tb_note`  [ RunTime:0.0004s ]
NOTIC: [8] Undefined index: forumid C:\wamp\www\newLife\Application\Admin\Controller\IndexController.class.php 第 22 行.
SQL: SELECT * FROM `tb_forum` WHERE `ID` = null  [ RunTime:0.0003s ]
INFO: [ view_parse ] --START--
INFO: [ template_filter ] --START--
INFO: Run Behavior\ContentReplaceBehavior [ RunTime:0.000111s ]
INFO: [ template_filter ] --END-- [ RunTime:0.000230s ]
INFO: Run Behavior\ParseTemplateBehavior [ RunTime:0.018313s ]
INFO: [ view_parse ] --END-- [ RunTime:0.018454s ]
INFO: [ view_filter ] --START--
INFO: Run Behavior\WriteHtmlCacheBehavior [ RunTime:0.001020s ]
INFO: [ view_filter ] --END-- [ RunTime:0.001171s ]
INFO: [ app_end ] --START--
INFO: Run Behavior\ShowPageTraceBehavior [ RunTime:0.001577s ]
INFO: [ app_end ] --END-- [ RunTime:0.001956s ]

[ 2020-01-04T10:10:14+08:00 ] ::1 /newLife/index.php/Admin/Index/addnoteshow
INFO: [ app_init ] --START--
INFO: Run Behavior\BuildLiteBehavior [ RunTime:0.000028s ]
INFO: [ app_init ] --END-- [ RunTime:0.000606s ]
INFO: [ app_begin ] --START--
INFO: Run Behavior\ReadHtmlCacheBehavior [ RunTime:0.001019s ]
INFO: [ app_begin ] --END-- [ RunTime:0.001152s ]
SQL: SHOW COLUMNS FROM `tb_forum` [ RunTime:0.0082s ]
SQL: SELECT * FROM `tb_forum`  [ RunTime:0.0004s ]
INFO: [ view_parse ] --START--
INFO: [ template_filter ] --START--
INFO: Run Behavior\ContentReplaceBehavior [ RunTime:0.000168s ]
INFO: [ template_filter ] --END-- [ RunTime:0.000371s ]
INFO: Run Behavior\ParseTemplateBehavior [ RunTime:0.018891s ]
INFO: [ view_parse ] --END-- [ RunTime:0.019097s ]
INFO: [ view_filter ] --START--
INFO: Run Behavior\WriteHtmlCacheBehavior [ RunTime:0.001186s ]
INFO: [ view_filter ] --END-- [ RunTime:0.001361s ]
INFO: [ app_end ] --START--
INFO: Run Behavior\ShowPageTraceBehavior [ RunTime:0.001677s ]
INFO: [ app_end ] --END-- [ RunTime:0.001865s ]

[ 2020-01-04T10:10:15+08:00 ] ::1 /newLife/index.php/Admin/Index/index
INFO: [ app_init ] --START--
INFO: Run Behavior\BuildLiteBehavior [ RunTime:0.000025s ]
INFO: [ app_init ] --END-- [ RunTime:0.000620s ]
INFO: [ app_begin ] --START--
INFO: Run Behavior\ReadHtmlCacheBehavior [ RunTime:0.000818s ]
INFO: [ app_begin ] --END-- [ RunTime:0.000933s ]
SQL: SHOW COLUMNS FROM `tb_user` [ RunTime:0.0060s ]
SQL: SELECT * FROM `tb_user`  [ RunTime:0.0003s ]
INFO: [ view_parse ] --START--
INFO: [ template_filter ] --START--
INFO: Run Behavior\ContentReplaceBehavior [ RunTime:0.000098s ]
INFO: [ template_filter ] --END-- [ RunTime:0.000202s ]
INFO: Run Behavior\ParseTemplateBehavior [ RunTime:0.012477s ]
INFO: [ view_parse ] --END-- [ RunTime:0.012599s ]
INFO: [ view_filter ] --START--
INFO: Run Behavior\WriteHtmlCacheBehavior [ RunTime:0.000720s ]
INFO: [ view_filter ] --END-- [ RunTime:0.000817s ]
INFO: [ app_end ] --START--
INFO: Run Behavior\ShowPageTraceBehavior [ RunTime:0.000893s ]
INFO: [ app_end ] --END-- [ RunTime:0.000994s ]

[ 2020-01-04T10:10:16+08:00 ] ::1 /newLife/index.php/Admin/Index/deleteuser/userid/8
INFO: [ app_init ] --START--
INFO: Run Behavior\BuildLiteBehavior [ RunTime:0.000040s ]
INFO: [ app_init ] --END-- [ RunTime:0.000689s ]
INFO: [ app_begin ] --START--
INFO: Run Behavior\ReadHtmlCacheBehavior [ RunTime:0.001009s ]
INFO: [ app_begin ] --END-- [ RunTime:0.001146s ]
SQL: SHOW COLUMNS FROM `tb_user` [ RunTime:0.0077s ]
SQL: DELETE FROM `tb_user` WHERE ( UID='8' ) [ RunTime:0.0052s ]
INFO: [ view_parse ] --START--
INFO: [ template_filter ] --START--
INFO: Run Behavior\ContentReplaceBehavior [ RunTime:0.000093s ]
INFO: [ template_filter ] --END-- [ RunTime:0.000281s ]
INFO: Run Behavior\ParseTemplateBehavior [ RunTime:0.012689s ]
INFO: [ view_parse ] --END-- [ RunTime:0.012877s ]
INFO: [ view_filter ] --START--
INFO: Run Behavior\WriteHtmlCacheBehavior [ RunTime:0.000903s ]
INFO: [ view_filter ] --END-- [ RunTime:0.001126s ]
INFO: [ app_end ] --START--
INFO: Run Behavior\ShowPageTraceBehavior [ RunTime:0.001123s ]
INFO: [ app_end ] --END-- [ RunTime:0.001277s ]

[ 2020-01-04T10:10:17+08:00 ] ::1 /newLife/index.php/Admin/Index/index
INFO: [ app_init ] --START--
INFO: Run Behavior\BuildLiteBehavior [ RunTime:0.000076s ]
INFO: [ app_init ] --END-- [ RunTime:0.001811s ]
INFO: [ app_begin ] --START--
INFO: Run Behavior\ReadHtmlCacheBehavior [ RunTime:0.003156s ]
INFO: [ app_begin ] --END-- [ RunTime:0.003759s ]
SQL: SHOW COLUMNS FROM `tb_user` [ RunTime:0.0231s ]
SQL: SELECT * FROM `tb_user`  [ RunTime:0.0013s ]
INFO: [ view_parse ] --START--
INFO: [ template_filter ] --START--
INFO: Run Behavior\ContentReplaceBehavior [ RunTime:0.000182s ]
INFO: [ template_filter ] --END-- [ RunTime:0.000374s ]
INFO: Run Behavior\ParseTemplateBehavior [ RunTime:0.032692s ]
INFO: [ view_parse ] --END-- [ RunTime:0.032985s ]
INFO: [ view_filter ] --START--
INFO: Run Behavior\WriteHtmlCacheBehavior [ RunTime:0.001380s ]
INFO: [ view_filter ] --END-- [ RunTime:0.001563s ]
INFO: [ app_end ] --START--
INFO: Run Behavior\ShowPageTraceBehavior [ RunTime:0.001647s ]
INFO: [ app_end ] --END-- [ RunTime:0.001832s ]

[ 2020-01-04T10:10:19+08:00 ] ::1 /newLife/index.php/Admin/Index/noteshow
INFO: [ app_init ] --START--
INFO: Run Behavior\BuildLiteBehavior [ RunTime:0.000029s ]
INFO: [ app_init ] --END-- [ RunTime:0.000678s ]
INFO: [ app_begin ] --START--
INFO: Run Behavior\ReadHtmlCacheBehavior [ RunTime:0.001134s ]
INFO: [ app_begin ] --END-- [ RunTime:0.001314s ]
SQL: SHOW COLUMNS FROM `tb_note` [ RunTime:0.0075s ]
SQL: SHOW COLUMNS FROM `tb_forum` [ RunTime:0.0078s ]
SQL: SELECT * FROM `tb_note`  [ RunTime:0.0004s ]
NOTIC: [8] Undefined index: forumid C:\wamp\www\newLife\Application\Admin\Controller\IndexController.class.php 第 22 行.
SQL: SELECT * FROM `tb_forum` WHERE `ID` = null  [ RunTime:0.0003s ]
INFO: [ view_parse ] --START--
INFO: [ template_filter ] --START--
INFO: Run Behavior\ContentReplaceBehavior [ RunTime:0.000248s ]
INFO: [ template_filter ] --END-- [ RunTime:0.000516s ]
INFO: Run Behavior\ParseTemplateBehavior [ RunTime:0.027656s ]
INFO: [ view_parse ] --END-- [ RunTime:0.027885s ]
INFO: [ view_filter ] --START--
INFO: Run Behavior\WriteHtmlCacheBehavior [ RunTime:0.002236s ]
INFO: [ view_filter ] --END-- [ RunTime:0.002489s ]
INFO: [ app_end ] --START--
INFO: Run Behavior\ShowPageTraceBehavior [ RunTime:0.003649s ]
INFO: [ app_end ] --END-- [ RunTime:0.004068s ]

[ 2020-01-04T10:10:21+08:00 ] ::1 /newLife/index.php/Admin/Index/updatenoteshow/noteid/1
INFO: [ app_init ] --START--
INFO: Run Behavior\BuildLiteBehavior [ RunTime:0.000029s ]
INFO: [ app_init ] --END-- [ RunTime:0.000628s ]
INFO: [ app_begin ] --START--
INFO: Run Behavior\ReadHtmlCacheBehavior [ RunTime:0.001472s ]
INFO: [ app_begin ] --END-- [ RunTime:0.001642s ]
SQL: SHOW COLUMNS FROM `tb_note` [ RunTime:0.0077s ]
SQL: SHOW COLUMNS FROM `tb_forum` [ RunTime:0.0067s ]
SQL: SELECT * FROM `tb_note` WHERE ( ID='1' ) LIMIT 1   [ RunTime:0.0004s ]
SQL: SELECT * FROM `tb_forum`  [ RunTime:0.0003s ]
SQL: SELECT * FROM `tb_forum` WHERE ( ID='1' ) LIMIT 1   [ RunTime:0.0003s ]
INFO: [ view_parse ] --START--
INFO: [ template_filter ] --START--
INFO: Run Behavior\ContentReplaceBehavior [ RunTime:0.000146s ]
INFO: [ template_filter ] --END-- [ RunTime:0.000340s ]
NOTIC: [8] Use of undefined constant id - assumed 'id' C:\wamp\www\newLife\Application\Runtime\Cache\Admin\087e36c3fcc77e3f378234f79cfc6a19.php 第 55 行.
NOTIC: [8] Array to string conversion C:\wamp\www\newLife\Application\Runtime\Cache\Admin\087e36c3fcc77e3f378234f79cfc6a19.php 第 55 行.
NOTIC: [8] Use of undefined constant forumid - assumed 'forumid' C:\wamp\www\newLife\Application\Runtime\Cache\Admin\087e36c3fcc77e3f378234f79cfc6a19.php 第 55 行.
NOTIC: [8] Array to string conversion C:\wamp\www\newLife\Application\Runtime\Cache\Admin\087e36c3fcc77e3f378234f79cfc6a19.php 第 55 行.
NOTIC: [8] Use of undefined constant id - assumed 'id' C:\wamp\www\newLife\Application\Runtime\Cache\Admin\087e36c3fcc77e3f378234f79cfc6a19.php 第 55 行.
NOTIC: [8] Array to string conversion C:\wamp\www\newLife\Application\Runtime\Cache\Admin\087e36c3fcc77e3f378234f79cfc6a19.php 第 55 行.
NOTIC: [8] Use of undefined constant forumid - assumed 'forumid' C:\wamp\www\newLife\Application\Runtime\Cache\Admin\087e36c3fcc77e3f378234f79cfc6a19.php 第 55 行.
NOTIC: [8] Array to string conversion C:\wamp\www\newLife\Application\Runtime\Cache\Admin\087e36c3fcc77e3f378234f79cfc6a19.php 第 55 行.
NOTIC: [8] Use of undefined constant id - assumed 'id' C:\wamp\www\newLife\Application\Runtime\Cache\Admin\087e36c3fcc77e3f378234f79cfc6a19.php 第 55 行.
NOTIC: [8] Array to string conversion C:\wamp\www\newLife\Application\Runtime\Cache\Admin\087e36c3fcc77e3f378234f79cfc6a19.php 第 55 行.
NOTIC: [8] Use of undefined constant forumid - assumed 'forumid' C:\wamp\www\newLife\Application\Runtime\Cache\Admin\087e36c3fcc77e3f378234f79cfc6a19.php 第 55 行.
NOTIC: [8] Array to string conversion C:\wamp\www\newLife\Application\Runtime\Cache\Admin\087e36c3fcc77e3f378234f79cfc6a19.php 第 55 行.
NOTIC: [8] Use of undefined constant id - assumed 'id' C:\wamp\www\newLife\Application\Runtime\Cache\Admin\087e36c3fcc77e3f378234f79cfc6a19.php 第 55 行.
NOTIC: [8] Array to string conversion C:\wamp\www\newLife\Application\Runtime\Cache\Admin\087e36c3fcc77e3f378234f79cfc6a19.php 第 55 行.
NOTIC: [8] Use of undefined constant forumid - assumed 'forumid' C:\wamp\www\newLife\Application\Runtime\Cache\Admin\087e36c3fcc77e3f378234f79cfc6a19.php 第 55 行.
NOTIC: [8] Array to string conversion C:\wamp\www\newLife\Application\Runtime\Cache\Admin\087e36c3fcc77e3f378234f79cfc6a19.php 第 55 行.
INFO: Run Behavior\ParseTemplateBehavior [ RunTime:0.017567s ]
INFO: [ view_parse ] --END-- [ RunTime:0.017776s ]
INFO: [ view_filter ] --START--
INFO: Run Behavior\WriteHtmlCacheBehavior [ RunTime:0.000876s ]
INFO: [ view_filter ] --END-- [ RunTime:0.000986s ]
INFO: [ app_end ] --START--
INFO: Run Behavior\ShowPageTraceBehavior [ RunTime:0.001032s ]
INFO: [ app_end ] --END-- [ RunTime:0.001189s ]

[ 2020-01-04T10:10:25+08:00 ] ::1 /newLife/index.php/Admin/Index/addnoteshow
INFO: [ app_init ] --START--
INFO: Run Behavior\BuildLiteBehavior [ RunTime:0.000027s ]
INFO: [ app_init ] --END-- [ RunTime:0.000626s ]
INFO: [ app_begin ] --START--
INFO: Run Behavior\ReadHtmlCacheBehavior [ RunTime:0.001058s ]
INFO: [ app_begin ] --END-- [ RunTime:0.001199s ]
SQL: SHOW COLUMNS FROM `tb_forum` [ RunTime:0.0073s ]
SQL: SELECT * FROM `tb_forum`  [ RunTime:0.0003s ]
INFO: [ view_parse ] --START--
INFO: [ template_filter ] --START--
INFO: Run Behavior\ContentReplaceBehavior [ RunTime:0.000102s ]
INFO: [ template_filter ] --END-- [ RunTime:0.000222s ]
INFO: Run Behavior\ParseTemplateBehavior [ RunTime:0.013754s ]
INFO: [ view_parse ] --END-- [ RunTime:0.013937s ]
INFO: [ view_filter ] --START--
INFO: Run Behavior\WriteHtmlCacheBehavior [ RunTime:0.001187s ]
INFO: [ view_filter ] --END-- [ RunTime:0.001331s ]
INFO: [ app_end ] --START--
INFO: Run Behavior\ShowPageTraceBehavior [ RunTime:0.001560s ]
INFO: [ app_end ] --END-- [ RunTime:0.001716s ]

[ 2020-01-04T10:10:28+08:00 ] ::1 /newLife/index.php/Admin/Index/commentshow
INFO: [ app_init ] --START--
INFO: Run Behavior\BuildLiteBehavior [ RunTime:0.000030s ]
INFO: [ app_init ] --END-- [ RunTime:0.000677s ]
INFO: [ app_begin ] --START--
INFO: Run Behavior\ReadHtmlCacheBehavior [ RunTime:0.001014s ]
INFO: [ app_begin ] --END-- [ RunTime:0.001150s ]
SQL: SHOW COLUMNS FROM `tb_comment` [ RunTime:0.0077s ]
SQL: SHOW COLUMNS FROM `tb_note` [ RunTime:0.0079s ]
SQL: SELECT * FROM `tb_comment`  [ RunTime:0.0004s ]
NOTIC: [8] Undefined index: noteID C:\wamp\www\newLife\Application\Admin\Controller\IndexController.class.php 第 72 行.
NOTIC: [8] Undefined variable: noteID C:\wamp\www\newLife\Application\Admin\Controller\IndexController.class.php 第 73 行.
SQL: SELECT * FROM `tb_note` WHERE ( ID='' )  [ RunTime:0.0003s ]
INFO: [ view_parse ] --START--
INFO: [ template_filter ] --START--
INFO: Run Behavior\ContentReplaceBehavior [ RunTime:0.000176s ]
INFO: [ template_filter ] --END-- [ RunTime:0.000372s ]
INFO: Run Behavior\ParseTemplateBehavior [ RunTime:0.016308s ]
INFO: [ view_parse ] --END-- [ RunTime:0.016515s ]
INFO: [ view_filter ] --START--
INFO: Run Behavior\WriteHtmlCacheBehavior [ RunTime:0.001347s ]
INFO: [ view_filter ] --END-- [ RunTime:0.001513s ]
INFO: [ app_end ] --START--
INFO: Run Behavior\ShowPageTraceBehavior [ RunTime:0.002039s ]
INFO: [ app_end ] --END-- [ RunTime:0.002276s ]

[ 2020-01-04T10:10:29+08:00 ] ::1 /newLife/index.php/Admin/Index/deletecomment/commentid/2
INFO: [ app_init ] --START--
INFO: Run Behavior\BuildLiteBehavior [ RunTime:0.000028s ]
INFO: [ app_init ] --END-- [ RunTime:0.000608s ]
INFO: [ app_begin ] --START--
INFO: Run Behavior\ReadHtmlCacheBehavior [ RunTime:0.001049s ]
INFO: [ app_begin ] --END-- [ RunTime:0.001205s ]
SQL: SHOW COLUMNS FROM `tb_comment` [ RunTime:0.0073s ]
SQL: DELETE FROM `tb_comment` WHERE ( ID='2' ) [ RunTime:0.0040s ]
INFO: [ view_parse ] --START--
INFO: [ template_filter ] --START--
INFO: Run Behavior\ContentReplaceBehavior [ RunTime:0.000082s ]
INFO: [ template_filter ] --END-- [ RunTime:0.000219s ]
INFO: Run Behavior\ParseTemplateBehavior [ RunTime:0.009558s ]
INFO: [ view_parse ] --END-- [ RunTime:0.009741s ]
INFO: [ view_filter ] --START--
INFO: Run Behavior\WriteHtmlCacheBehavior [ RunTime:0.001420s ]
INFO: [ view_filter ] --END-- [ RunTime:0.001615s ]
INFO: [ app_end ] --START--
INFO: Run Behavior\ShowPageTraceBehavior [ RunTime:0.001712s ]
INFO: [ app_end ] --END-- [ RunTime:0.001859s ]

[ 2020-01-04T10:10:31+08:00 ] ::1 /newLife/index.php/Admin/Index/commentshow
INFO: [ app_init ] --START--
INFO: Run Behavior\BuildLiteBehavior [ RunTime:0.000046s ]
INFO: [ app_init ] --END-- [ RunTime:0.001018s ]
INFO: [ app_begin ] --START--
INFO: Run Behavior\ReadHtmlCacheBehavior [ RunTime:0.001819s ]
INFO: [ app_begin ] --END-- [ RunTime:0.002060s ]
SQL: SHOW COLUMNS FROM `tb_comment` [ RunTime:0.0074s ]
SQL: SHOW COLUMNS FROM `tb_note` [ RunTime:0.0076s ]
SQL: SELECT * FROM `tb_comment`  [ RunTime:0.0004s ]
NOTIC: [8] Undefined index: noteID C:\wamp\www\newLife\Application\Admin\Controller\IndexController.class.php 第 72 行.
NOTIC: [8] Undefined variable: noteID C:\wamp\www\newLife\Application\Admin\Controller\IndexController.class.php 第 73 行.
SQL: SELECT * FROM `tb_note` WHERE ( ID='' )  [ RunTime:0.0003s ]
INFO: [ view_parse ] --START--
INFO: [ template_filter ] --START--
INFO: Run Behavior\ContentReplaceBehavior [ RunTime:0.000099s ]
INFO: [ template_filter ] --END-- [ RunTime:0.000230s ]
INFO: Run Behavior\ParseTemplateBehavior [ RunTime:0.016840s ]
INFO: [ view_parse ] --END-- [ RunTime:0.016983s ]
INFO: [ view_filter ] --START--
INFO: Run Behavior\WriteHtmlCacheBehavior [ RunTime:0.001233s ]
INFO: [ view_filter ] --END-- [ RunTime:0.001419s ]
INFO: [ app_end ] --START--
INFO: Run Behavior\ShowPageTraceBehavior [ RunTime:0.001913s ]
INFO: [ app_end ] --END-- [ RunTime:0.002160s ]

[ 2020-01-04T10:14:42+08:00 ] ::1 /newLife/index.php/Admin/Index/index
INFO: [ app_init ] --START--
INFO: Run Behavior\BuildLiteBehavior [ RunTime:0.000024s ]
INFO: [ app_init ] --END-- [ RunTime:0.001775s ]
INFO: [ app_begin ] --START--
INFO: Run Behavior\ReadHtmlCacheBehavior [ RunTime:0.007955s ]
INFO: [ app_begin ] --END-- [ RunTime:0.008135s ]
SQL: SHOW COLUMNS FROM `tb_user` [ RunTime:0.0145s ]
SQL: SELECT * FROM `tb_user`  [ RunTime:0.0007s ]
INFO: [ view_parse ] --START--
INFO: [ template_filter ] --START--
INFO: Run Behavior\ContentReplaceBehavior [ RunTime:0.000241s ]
INFO: [ template_filter ] --END-- [ RunTime:0.000518s ]
INFO: Run Behavior\ParseTemplateBehavior [ RunTime:0.080076s ]
INFO: [ view_parse ] --END-- [ RunTime:0.080385s ]
INFO: [ view_filter ] --START--
INFO: Run Behavior\WriteHtmlCacheBehavior [ RunTime:0.012907s ]
INFO: [ view_filter ] --END-- [ RunTime:0.013146s ]
INFO: [ app_end ] --START--
INFO: Run Behavior\ShowPageTraceBehavior [ RunTime:0.014418s ]
INFO: [ app_end ] --END-- [ RunTime:0.014667s ]

[ 2020-01-04T10:14:45+08:00 ] ::1 /newLife/index.php/Admin/Index/commentshow
INFO: [ app_init ] --START--
INFO: Run Behavior\BuildLiteBehavior [ RunTime:0.000044s ]
INFO: [ app_init ] --END-- [ RunTime:0.003112s ]
INFO: [ app_begin ] --START--
INFO: Run Behavior\ReadHtmlCacheBehavior [ RunTime:0.007973s ]
INFO: [ app_begin ] --END-- [ RunTime:0.008197s ]
SQL: SHOW COLUMNS FROM `tb_comment` [ RunTime:0.0068s ]
SQL: SHOW COLUMNS FROM `tb_note` [ RunTime:0.0064s ]
SQL: SELECT * FROM `tb_comment`  [ RunTime:0.0005s ]
NOTIC: [8] Undefined index: noteID C:\wamp\www\newLife\Application\Admin\Controller\IndexController.class.php 第 72 行.
NOTIC: [8] Undefined variable: noteID C:\wamp\www\newLife\Application\Admin\Controller\IndexController.class.php 第 73 行.
SQL: SELECT * FROM `tb_note` WHERE ( ID='' )  [ RunTime:0.0003s ]
INFO: [ view_parse ] --START--
INFO: [ template_filter ] --START--
INFO: Run Behavior\ContentReplaceBehavior [ RunTime:0.000115s ]
INFO: [ template_filter ] --END-- [ RunTime:0.000285s ]
INFO: Run Behavior\ParseTemplateBehavior [ RunTime:0.034422s ]
INFO: [ view_parse ] --END-- [ RunTime:0.034603s ]
INFO: [ view_filter ] --START--
INFO: Run Behavior\WriteHtmlCacheBehavior [ RunTime:0.006938s ]
INFO: [ view_filter ] --END-- [ RunTime:0.007125s ]
INFO: [ app_end ] --START--
INFO: Run Behavior\ShowPageTraceBehavior [ RunTime:0.008399s ]
INFO: [ app_end ] --END-- [ RunTime:0.008730s ]

[ 2020-01-04T10:14:46+08:00 ] ::1 /newLife/index.php/Admin/Index/noteshow
INFO: [ app_init ] --START--
INFO: Run Behavior\BuildLiteBehavior [ RunTime:0.000027s ]
INFO: [ app_init ] --END-- [ RunTime:0.001938s ]
INFO: [ app_begin ] --START--
INFO: Run Behavior\ReadHtmlCacheBehavior [ RunTime:0.008937s ]
INFO: [ app_begin ] --END-- [ RunTime:0.009117s ]
SQL: SHOW COLUMNS FROM `tb_note` [ RunTime:0.0076s ]
SQL: SHOW COLUMNS FROM `tb_forum` [ RunTime:0.0066s ]
SQL: SELECT * FROM `tb_note`  [ RunTime:0.0005s ]
NOTIC: [8] Undefined index: forumid C:\wamp\www\newLife\Application\Admin\Controller\IndexController.class.php 第 22 行.
SQL: SELECT * FROM `tb_forum` WHERE `ID` = null  [ RunTime:0.0004s ]
INFO: [ view_parse ] --START--
INFO: [ template_filter ] --START--
INFO: Run Behavior\ContentReplaceBehavior [ RunTime:0.000155s ]
INFO: [ template_filter ] --END-- [ RunTime:0.000386s ]
INFO: Run Behavior\ParseTemplateBehavior [ RunTime:0.036751s ]
INFO: [ view_parse ] --END-- [ RunTime:0.036937s ]
INFO: [ view_filter ] --START--
INFO: Run Behavior\WriteHtmlCacheBehavior [ RunTime:0.006462s ]
INFO: [ view_filter ] --END-- [ RunTime:0.006647s ]
INFO: [ app_end ] --START--
INFO: Run Behavior\ShowPageTraceBehavior [ RunTime:0.011050s ]
INFO: [ app_end ] --END-- [ RunTime:0.011213s ]

[ 2020-01-04T10:14:47+08:00 ] ::1 /newLife/index.php/Admin/Index/updatenoteshow/noteid/1
INFO: [ app_init ] --START--
INFO: Run Behavior\BuildLiteBehavior [ RunTime:0.000046s ]
INFO: [ app_init ] --END-- [ RunTime:0.002995s ]
INFO: [ app_begin ] --START--
INFO: Run Behavior\ReadHtmlCacheBehavior [ RunTime:0.008021s ]
INFO: [ app_begin ] --END-- [ RunTime:0.008232s ]
SQL: SHOW COLUMNS FROM `tb_note` [ RunTime:0.0090s ]
SQL: SHOW COLUMNS FROM `tb_forum` [ RunTime:0.0070s ]
SQL: SELECT * FROM `tb_note` WHERE ( ID='1' ) LIMIT 1   [ RunTime:0.0003s ]
SQL: SELECT * FROM `tb_forum`  [ RunTime:0.0002s ]
SQL: SELECT * FROM `tb_forum` WHERE ( ID='1' ) LIMIT 1   [ RunTime:0.0002s ]
INFO: [ view_parse ] --START--
INFO: [ template_filter ] --START--
INFO: Run Behavior\ContentReplaceBehavior [ RunTime:0.000196s ]
INFO: [ template_filter ] --END-- [ RunTime:0.000514s ]
NOTIC: [8] Use of undefined constant id - assumed 'id' C:\wamp\www\newLife\Application\Runtime\Cache\Admin\087e36c3fcc77e3f378234f79cfc6a19.php 第 55 行.
NOTIC: [8] Array to string conversion C:\wamp\www\newLife\Application\Runtime\Cache\Admin\087e36c3fcc77e3f378234f79cfc6a19.php 第 55 行.
NOTIC: [8] Use of undefined constant forumid - assumed 'forumid' C:\wamp\www\newLife\Application\Runtime\Cache\Admin\087e36c3fcc77e3f378234f79cfc6a19.php 第 55 行.
NOTIC: [8] Array to string conversion C:\wamp\www\newLife\Application\Runtime\Cache\Admin\087e36c3fcc77e3f378234f79cfc6a19.php 第 55 行.
NOTIC: [8] Use of undefined constant id - assumed 'id' C:\wamp\www\newLife\Application\Runtime\Cache\Admin\087e36c3fcc77e3f378234f79cfc6a19.php 第 55 行.
NOTIC: [8] Array to string conversion C:\wamp\www\newLife\Application\Runtime\Cache\Admin\087e36c3fcc77e3f378234f79cfc6a19.php 第 55 行.
NOTIC: [8] Use of undefined constant forumid - assumed 'forumid' C:\wamp\www\newLife\Application\Runtime\Cache\Admin\087e36c3fcc77e3f378234f79cfc6a19.php 第 55 行.
NOTIC: [8] Array to string conversion C:\wamp\www\newLife\Application\Runtime\Cache\Admin\087e36c3fcc77e3f378234f79cfc6a19.php 第 55 行.
NOTIC: [8] Use of undefined constant id - assumed 'id' C:\wamp\www\newLife\Application\Runtime\Cache\Admin\087e36c3fcc77e3f378234f79cfc6a19.php 第 55 行.
NOTIC: [8] Array to string conversion C:\wamp\www\newLife\Application\Runtime\Cache\Admin\087e36c3fcc77e3f378234f79cfc6a19.php 第 55 行.
NOTIC: [8] Use of undefined constant forumid - assumed 'forumid' C:\wamp\www\newLife\Application\Runtime\Cache\Admin\087e36c3fcc77e3f378234f79cfc6a19.php 第 55 行.
NOTIC: [8] Array to string conversion C:\wamp\www\newLife\Application\Runtime\Cache\Admin\087e36c3fcc77e3f378234f79cfc6a19.php 第 55 行.
NOTIC: [8] Use of undefined constant id - assumed 'id' C:\wamp\www\newLife\Application\Runtime\Cache\Admin\087e36c3fcc77e3f378234f79cfc6a19.php 第 55 行.
NOTIC: [8] Array to string conversion C:\wamp\www\newLife\Application\Runtime\Cache\Admin\087e36c3fcc77e3f378234f79cfc6a19.php 第 55 行.
NOTIC: [8] Use of undefined constant forumid - assumed 'forumid' C:\wamp\www\newLife\Application\Runtime\Cache\Admin\087e36c3fcc77e3f378234f79cfc6a19.php 第 55 行.
NOTIC: [8] Array to string conversion C:\wamp\www\newLife\Application\Runtime\Cache\Admin\087e36c3fcc77e3f378234f79cfc6a19.php 第 55 行.
INFO: Run Behavior\ParseTemplateBehavior [ RunTime:0.040348s ]
INFO: [ view_parse ] --END-- [ RunTime:0.040524s ]
INFO: [ view_filter ] --START--
INFO: Run Behavior\WriteHtmlCacheBehavior [ RunTime:0.010752s ]
INFO: [ view_filter ] --END-- [ RunTime:0.010983s ]
INFO: [ app_end ] --START--
INFO: Run Behavior\ShowPageTraceBehavior [ RunTime:0.009407s ]
INFO: [ app_end ] --END-- [ RunTime:0.009623s ]

[ 2020-01-04T10:14:55+08:00 ] ::1 /newLife/index.php/Admin/Index/noteshow
INFO: [ app_init ] --START--
INFO: Run Behavior\BuildLiteBehavior [ RunTime:0.000029s ]
INFO: [ app_init ] --END-- [ RunTime:0.000696s ]
INFO: [ app_begin ] --START--
INFO: Run Behavior\ReadHtmlCacheBehavior [ RunTime:0.001736s ]
INFO: [ app_begin ] --END-- [ RunTime:0.001884s ]
SQL: SHOW COLUMNS FROM `tb_note` [ RunTime:0.0086s ]
SQL: SHOW COLUMNS FROM `tb_forum` [ RunTime:0.0074s ]
SQL: SELECT * FROM `tb_note`  [ RunTime:0.0006s ]
NOTIC: [8] Undefined index: forumid C:\wamp\www\newLife\Application\Admin\Controller\IndexController.class.php 第 22 行.
SQL: SELECT * FROM `tb_forum` WHERE `ID` = null  [ RunTime:0.0003s ]
INFO: [ view_parse ] --START--
INFO: [ template_filter ] --START--
INFO: Run Behavior\ContentReplaceBehavior [ RunTime:0.000183s ]
INFO: [ template_filter ] --END-- [ RunTime:0.000393s ]
INFO: Run Behavior\ParseTemplateBehavior [ RunTime:0.019883s ]
INFO: [ view_parse ] --END-- [ RunTime:0.020008s ]
INFO: [ view_filter ] --START--
INFO: Run Behavior\WriteHtmlCacheBehavior [ RunTime:0.000823s ]
INFO: [ view_filter ] --END-- [ RunTime:0.000925s ]
INFO: [ app_end ] --START--
INFO: Run Behavior\ShowPageTraceBehavior [ RunTime:0.001749s ]
INFO: [ app_end ] --END-- [ RunTime:0.001925s ]

[ 2020-01-04T10:14:58+08:00 ] ::1 /newLife/index.php/Admin/Index/updatenoteshow/noteid/1
INFO: [ app_init ] --START--
INFO: Run Behavior\BuildLiteBehavior [ RunTime:0.000027s ]
INFO: [ app_init ] --END-- [ RunTime:0.000617s ]
INFO: [ app_begin ] --START--
INFO: Run Behavior\ReadHtmlCacheBehavior [ RunTime:0.002286s ]
INFO: [ app_begin ] --END-- [ RunTime:0.002436s ]
SQL: SHOW COLUMNS FROM `tb_note` [ RunTime:0.0088s ]
SQL: SHOW COLUMNS FROM `tb_forum` [ RunTime:0.0084s ]
SQL: SELECT * FROM `tb_note` WHERE ( ID='1' ) LIMIT 1   [ RunTime:0.0004s ]
SQL: SELECT * FROM `tb_forum`  [ RunTime:0.0003s ]
SQL: SELECT * FROM `tb_forum` WHERE ( ID='1' ) LIMIT 1   [ RunTime:0.0003s ]
INFO: [ view_parse ] --START--
INFO: [ template_filter ] --START--
INFO: Run Behavior\ContentReplaceBehavior [ RunTime:0.000145s ]
INFO: [ template_filter ] --END-- [ RunTime:0.000337s ]
NOTIC: [8] Use of undefined constant id - assumed 'id' C:\wamp\www\newLife\Application\Runtime\Cache\Admin\087e36c3fcc77e3f378234f79cfc6a19.php 第 55 行.
NOTIC: [8] Array to string conversion C:\wamp\www\newLife\Application\Runtime\Cache\Admin\087e36c3fcc77e3f378234f79cfc6a19.php 第 55 行.
NOTIC: [8] Use of undefined constant forumid - assumed 'forumid' C:\wamp\www\newLife\Application\Runtime\Cache\Admin\087e36c3fcc77e3f378234f79cfc6a19.php 第 55 行.
NOTIC: [8] Array to string conversion C:\wamp\www\newLife\Application\Runtime\Cache\Admin\087e36c3fcc77e3f378234f79cfc6a19.php 第 55 行.
NOTIC: [8] Use of undefined constant id - assumed 'id' C:\wamp\www\newLife\Application\Runtime\Cache\Admin\087e36c3fcc77e3f378234f79cfc6a19.php 第 55 行.
NOTIC: [8] Array to string conversion C:\wamp\www\newLife\Application\Runtime\Cache\Admin\087e36c3fcc77e3f378234f79cfc6a19.php 第 55 行.
NOTIC: [8] Use of undefined constant forumid - assumed 'forumid' C:\wamp\www\newLife\Application\Runtime\Cache\Admin\087e36c3fcc77e3f378234f79cfc6a19.php 第 55 行.
NOTIC: [8] Array to string conversion C:\wamp\www\newLife\Application\Runtime\Cache\Admin\087e36c3fcc77e3f378234f79cfc6a19.php 第 55 行.
NOTIC: [8] Use of undefined constant id - assumed 'id' C:\wamp\www\newLife\Application\Runtime\Cache\Admin\087e36c3fcc77e3f378234f79cfc6a19.php 第 55 行.
NOTIC: [8] Array to string conversion C:\wamp\www\newLife\Application\Runtime\Cache\Admin\087e36c3fcc77e3f378234f79cfc6a19.php 第 55 行.
NOTIC: [8] Use of undefined constant forumid - assumed 'forumid' C:\wamp\www\newLife\Application\Runtime\Cache\Admin\087e36c3fcc77e3f378234f79cfc6a19.php 第 55 行.
NOTIC: [8] Array to string conversion C:\wamp\www\newLife\Application\Runtime\Cache\Admin\087e36c3fcc77e3f378234f79cfc6a19.php 第 55 行.
NOTIC: [8] Use of undefined constant id - assumed 'id' C:\wamp\www\newLife\Application\Runtime\Cache\Admin\087e36c3fcc77e3f378234f79cfc6a19.php 第 55 行.
NOTIC: [8] Array to string conversion C:\wamp\www\newLife\Application\Runtime\Cache\Admin\087e36c3fcc77e3f378234f79cfc6a19.php 第 55 行.
NOTIC: [8] Use of undefined constant forumid - assumed 'forumid' C:\wamp\www\newLife\Application\Runtime\Cache\Admin\087e36c3fcc77e3f378234f79cfc6a19.php 第 55 行.
NOTIC: [8] Array to string conversion C:\wamp\www\newLife\Application\Runtime\Cache\Admin\087e36c3fcc77e3f378234f79cfc6a19.php 第 55 行.
INFO: Run Behavior\ParseTemplateBehavior [ RunTime:0.021204s ]
INFO: [ view_parse ] --END-- [ RunTime:0.021350s ]
INFO: [ view_filter ] --START--
INFO: Run Behavior\WriteHtmlCacheBehavior [ RunTime:0.001450s ]
INFO: [ view_filter ] --END-- [ RunTime:0.001625s ]
INFO: [ app_end ] --START--
INFO: Run Behavior\ShowPageTraceBehavior [ RunTime:0.001977s ]
INFO: [ app_end ] --END-- [ RunTime:0.002165s ]

[ 2020-01-04T10:15:20+08:00 ] ::1 /newLife/index.php/Admin/Index/notechange/noteid/1
INFO: [ app_init ] --START--
INFO: Run Behavior\BuildLiteBehavior [ RunTime:0.000029s ]
INFO: [ app_init ] --END-- [ RunTime:0.002262s ]
INFO: [ app_begin ] --START--
INFO: Run Behavior\ReadHtmlCacheBehavior [ RunTime:0.004390s ]
INFO: [ app_begin ] --END-- [ RunTime:0.004544s ]
SQL: SHOW COLUMNS FROM `tb_note` [ RunTime:0.0073s ]
NOTIC: [8] Undefined index: validate C:\wamp\www\newLife\ThinkPHP\Library\Think\Model.class.php 第 1185 行.
NOTIC: [8] Undefined index: auto C:\wamp\www\newLife\ThinkPHP\Library\Think\Model.class.php 第 1128 行.
SQL: UPDATE `tb_note` SET `title`='巴西副总统：5G建设不会排除华为 巴西需要它的技术',`forumID`='3',`content`='【CNMO新闻】虽说华为被美国政府打压，不过还是有很多国家愿意与华为展开合作。近日有外媒报道称，巴西副总统Hamilton Mourao表示巴西政府不会排除华为在该国运营5G移动通信网络。同时这位副总统还声称，巴西政府对中国公司没有任何不信任，巴西需要华为提供的电信技术。123',`top`='2' WHERE ( ID='1' ) [ RunTime:0.0038s ]
INFO: [ view_parse ] --START--
INFO: [ template_filter ] --START--
INFO: Run Behavior\ContentReplaceBehavior [ RunTime:0.000067s ]
INFO: [ template_filter ] --END-- [ RunTime:0.000186s ]
INFO: Run Behavior\ParseTemplateBehavior [ RunTime:0.013668s ]
INFO: [ view_parse ] --END-- [ RunTime:0.013782s ]
INFO: [ view_filter ] --START--
INFO: Run Behavior\WriteHtmlCacheBehavior [ RunTime:0.002008s ]
INFO: [ view_filter ] --END-- [ RunTime:0.002105s ]
INFO: [ app_end ] --START--
INFO: Run Behavior\ShowPageTraceBehavior [ RunTime:0.002187s ]
INFO: [ app_end ] --END-- [ RunTime:0.002300s ]

[ 2020-01-04T10:15:21+08:00 ] ::1 /newLife/index.php/Admin/Index/updatenoteshow/noteid/1
INFO: [ app_init ] --START--
INFO: Run Behavior\BuildLiteBehavior [ RunTime:0.000053s ]
INFO: [ app_init ] --END-- [ RunTime:0.003147s ]
INFO: [ app_begin ] --START--
INFO: Run Behavior\ReadHtmlCacheBehavior [ RunTime:0.006884s ]
INFO: [ app_begin ] --END-- [ RunTime:0.007138s ]
SQL: SHOW COLUMNS FROM `tb_note` [ RunTime:0.0084s ]
SQL: SHOW COLUMNS FROM `tb_forum` [ RunTime:0.0083s ]
SQL: SELECT * FROM `tb_note` WHERE ( ID='1' ) LIMIT 1   [ RunTime:0.0004s ]
SQL: SELECT * FROM `tb_forum`  [ RunTime:0.0003s ]
SQL: SELECT * FROM `tb_forum` WHERE ( ID='3' ) LIMIT 1   [ RunTime:0.0003s ]
INFO: [ view_parse ] --START--
INFO: [ template_filter ] --START--
INFO: Run Behavior\ContentReplaceBehavior [ RunTime:0.000178s ]
INFO: [ template_filter ] --END-- [ RunTime:0.000410s ]
NOTIC: [8] Use of undefined constant id - assumed 'id' C:\wamp\www\newLife\Application\Runtime\Cache\Admin\087e36c3fcc77e3f378234f79cfc6a19.php 第 55 行.
NOTIC: [8] Array to string conversion C:\wamp\www\newLife\Application\Runtime\Cache\Admin\087e36c3fcc77e3f378234f79cfc6a19.php 第 55 行.
NOTIC: [8] Use of undefined constant forumid - assumed 'forumid' C:\wamp\www\newLife\Application\Runtime\Cache\Admin\087e36c3fcc77e3f378234f79cfc6a19.php 第 55 行.
NOTIC: [8] Array to string conversion C:\wamp\www\newLife\Application\Runtime\Cache\Admin\087e36c3fcc77e3f378234f79cfc6a19.php 第 55 行.
NOTIC: [8] Use of undefined constant id - assumed 'id' C:\wamp\www\newLife\Application\Runtime\Cache\Admin\087e36c3fcc77e3f378234f79cfc6a19.php 第 55 行.
NOTIC: [8] Array to string conversion C:\wamp\www\newLife\Application\Runtime\Cache\Admin\087e36c3fcc77e3f378234f79cfc6a19.php 第 55 行.
NOTIC: [8] Use of undefined constant forumid - assumed 'forumid' C:\wamp\www\newLife\Application\Runtime\Cache\Admin\087e36c3fcc77e3f378234f79cfc6a19.php 第 55 行.
NOTIC: [8] Array to string conversion C:\wamp\www\newLife\Application\Runtime\Cache\Admin\087e36c3fcc77e3f378234f79cfc6a19.php 第 55 行.
NOTIC: [8] Use of undefined constant id - assumed 'id' C:\wamp\www\newLife\Application\Runtime\Cache\Admin\087e36c3fcc77e3f378234f79cfc6a19.php 第 55 行.
NOTIC: [8] Array to string conversion C:\wamp\www\newLife\Application\Runtime\Cache\Admin\087e36c3fcc77e3f378234f79cfc6a19.php 第 55 行.
NOTIC: [8] Use of undefined constant forumid - assumed 'forumid' C:\wamp\www\newLife\Application\Runtime\Cache\Admin\087e36c3fcc77e3f378234f79cfc6a19.php 第 55 行.
NOTIC: [8] Array to string conversion C:\wamp\www\newLife\Application\Runtime\Cache\Admin\087e36c3fcc77e3f378234f79cfc6a19.php 第 55 行.
NOTIC: [8] Use of undefined constant id - assumed 'id' C:\wamp\www\newLife\Application\Runtime\Cache\Admin\087e36c3fcc77e3f378234f79cfc6a19.php 第 55 行.
NOTIC: [8] Array to string conversion C:\wamp\www\newLife\Application\Runtime\Cache\Admin\087e36c3fcc77e3f378234f79cfc6a19.php 第 55 行.
NOTIC: [8] Use of undefined constant forumid - assumed 'forumid' C:\wamp\www\newLife\Application\Runtime\Cache\Admin\087e36c3fcc77e3f378234f79cfc6a19.php 第 55 行.
NOTIC: [8] Array to string conversion C:\wamp\www\newLife\Application\Runtime\Cache\Admin\087e36c3fcc77e3f378234f79cfc6a19.php 第 55 行.
INFO: Run Behavior\ParseTemplateBehavior [ RunTime:0.026941s ]
INFO: [ view_parse ] --END-- [ RunTime:0.027156s ]
INFO: [ view_filter ] --START--
INFO: Run Behavior\WriteHtmlCacheBehavior [ RunTime:0.003738s ]
INFO: [ view_filter ] --END-- [ RunTime:0.003940s ]
INFO: [ app_end ] --START--
INFO: Run Behavior\ShowPageTraceBehavior [ RunTime:0.004175s ]
INFO: [ app_end ] --END-- [ RunTime:0.004373s ]

[ 2020-01-04T10:15:22+08:00 ] ::1 /newLife/index.php/Admin/Index/index
INFO: [ app_init ] --START--
INFO: Run Behavior\BuildLiteBehavior [ RunTime:0.000047s ]
INFO: [ app_init ] --END-- [ RunTime:0.001348s ]
INFO: [ app_begin ] --START--
INFO: Run Behavior\ReadHtmlCacheBehavior [ RunTime:0.004354s ]
INFO: [ app_begin ] --END-- [ RunTime:0.004531s ]
SQL: SHOW COLUMNS FROM `tb_user` [ RunTime:0.0068s ]
SQL: SELECT * FROM `tb_user`  [ RunTime:0.0004s ]
INFO: [ view_parse ] --START--
INFO: [ template_filter ] --START--
INFO: Run Behavior\ContentReplaceBehavior [ RunTime:0.000083s ]
INFO: [ template_filter ] --END-- [ RunTime:0.000214s ]
INFO: Run Behavior\ParseTemplateBehavior [ RunTime:0.016189s ]
INFO: [ view_parse ] --END-- [ RunTime:0.016339s ]
INFO: [ view_filter ] --START--
INFO: Run Behavior\WriteHtmlCacheBehavior [ RunTime:0.001877s ]
INFO: [ view_filter ] --END-- [ RunTime:0.001987s ]
INFO: [ app_end ] --START--
INFO: Run Behavior\ShowPageTraceBehavior [ RunTime:0.002061s ]
INFO: [ app_end ] --END-- [ RunTime:0.002181s ]

[ 2020-01-04T10:15:25+08:00 ] ::1 /newLife/index.php/Admin/Index/noteshow
INFO: [ app_init ] --START--
INFO: Run Behavior\BuildLiteBehavior [ RunTime:0.000044s ]
INFO: [ app_init ] --END-- [ RunTime:0.001380s ]
INFO: [ app_begin ] --START--
INFO: Run Behavior\ReadHtmlCacheBehavior [ RunTime:0.004005s ]
INFO: [ app_begin ] --END-- [ RunTime:0.004235s ]
SQL: SHOW COLUMNS FROM `tb_note` [ RunTime:0.0080s ]
SQL: SHOW COLUMNS FROM `tb_forum` [ RunTime:0.0077s ]
SQL: SELECT * FROM `tb_note`  [ RunTime:0.0006s ]
NOTIC: [8] Undefined index: forumid C:\wamp\www\newLife\Application\Admin\Controller\IndexController.class.php 第 22 行.
SQL: SELECT * FROM `tb_forum` WHERE `ID` = null  [ RunTime:0.0003s ]
INFO: [ view_parse ] --START--
INFO: [ template_filter ] --START--
INFO: Run Behavior\ContentReplaceBehavior [ RunTime:0.000099s ]
INFO: [ template_filter ] --END-- [ RunTime:0.000264s ]
INFO: Run Behavior\ParseTemplateBehavior [ RunTime:0.019946s ]
INFO: [ view_parse ] --END-- [ RunTime:0.020111s ]
INFO: [ view_filter ] --START--
INFO: Run Behavior\WriteHtmlCacheBehavior [ RunTime:0.003147s ]
INFO: [ view_filter ] --END-- [ RunTime:0.003344s ]
INFO: [ app_end ] --START--
INFO: Run Behavior\ShowPageTraceBehavior [ RunTime:0.005735s ]
INFO: [ app_end ] --END-- [ RunTime:0.005942s ]

[ 2020-01-04T10:15:47+08:00 ] ::1 /newLife/index.php/Admin/Index/deletenote/noteid/4
INFO: [ app_init ] --START--
INFO: Run Behavior\BuildLiteBehavior [ RunTime:0.000029s ]
INFO: [ app_init ] --END-- [ RunTime:0.001075s ]
INFO: [ app_begin ] --START--
INFO: Run Behavior\ReadHtmlCacheBehavior [ RunTime:0.003325s ]
INFO: [ app_begin ] --END-- [ RunTime:0.003520s ]
SQL: SHOW COLUMNS FROM `tb_note` [ RunTime:0.0084s ]
SQL: DELETE FROM `tb_note` WHERE ( ID='4' ) [ RunTime:0.0018s ]
INFO: [ view_parse ] --START--
INFO: [ template_filter ] --START--
INFO: Run Behavior\ContentReplaceBehavior [ RunTime:0.000074s ]
INFO: [ template_filter ] --END-- [ RunTime:0.000209s ]
INFO: Run Behavior\ParseTemplateBehavior [ RunTime:0.015220s ]
INFO: [ view_parse ] --END-- [ RunTime:0.015378s ]
INFO: [ view_filter ] --START--
INFO: Run Behavior\WriteHtmlCacheBehavior [ RunTime:0.002809s ]
INFO: [ view_filter ] --END-- [ RunTime:0.003012s ]
INFO: [ app_end ] --START--
INFO: Run Behavior\ShowPageTraceBehavior [ RunTime:0.004244s ]
INFO: [ app_end ] --END-- [ RunTime:0.004436s ]

[ 2020-01-04T10:15:48+08:00 ] ::1 /newLife/index.php/Admin/Index/noteshow
INFO: [ app_init ] --START--
INFO: Run Behavior\BuildLiteBehavior [ RunTime:0.000043s ]
INFO: [ app_init ] --END-- [ RunTime:0.001258s ]
INFO: [ app_begin ] --START--
INFO: Run Behavior\ReadHtmlCacheBehavior [ RunTime:0.005201s ]
INFO: [ app_begin ] --END-- [ RunTime:0.005508s ]
SQL: SHOW COLUMNS FROM `tb_note` [ RunTime:0.0068s ]
SQL: SHOW COLUMNS FROM `tb_forum` [ RunTime:0.0066s ]
SQL: SELECT * FROM `tb_note`  [ RunTime:0.0004s ]
NOTIC: [8] Undefined index: forumid C:\wamp\www\newLife\Application\Admin\Controller\IndexController.class.php 第 22 行.
SQL: SELECT * FROM `tb_forum` WHERE `ID` = null  [ RunTime:0.0004s ]
INFO: [ view_parse ] --START--
INFO: [ template_filter ] --START--
INFO: Run Behavior\ContentReplaceBehavior [ RunTime:0.000082s ]
INFO: [ template_filter ] --END-- [ RunTime:0.000222s ]
INFO: Run Behavior\ParseTemplateBehavior [ RunTime:0.017426s ]
INFO: [ view_parse ] --END-- [ RunTime:0.017655s ]
INFO: [ view_filter ] --START--
INFO: Run Behavior\WriteHtmlCacheBehavior [ RunTime:0.002745s ]
INFO: [ view_filter ] --END-- [ RunTime:0.002944s ]
INFO: [ app_end ] --START--
INFO: Run Behavior\ShowPageTraceBehavior [ RunTime:0.004791s ]
INFO: [ app_end ] --END-- [ RunTime:0.005031s ]

